<?xml version="1.0" encoding="UTF-8"?>
<!-- Generated by org.testng.reporters.JUnitReportReporter -->
<testsuite hostname="DESKTOP-2SDD7O3" failures="0" tests="1" name="login.Demo1" time="50.838" errors="0" timestamp="2024-05-30T09:50:37 IST" skipped="0">
  <testcase classname="login.Demo1" name="test" time="50.838"/>
  <system-out/>
</testsuite> <!-- login.Demo1 -->
